OpenROAD 0a584d123190322b0725d5440c2c486d91d3afd8 
This program is licensed under the BSD-3 license. See the LICENSE file for details.
Components of this program may be licensed under more restrictive licenses which must be honored.
[INFO]: Reading ODB at '/openlane/designs/ring_counter/runs/RUN_2023.11.04_13.27.54/results/cts/ring_counter.odb'…
define_corners Typical
read_liberty -corner Typical /home/tawfeeq/.volare/sky130A/libs.ref/sky130_fd_sc_hd/lib/sky130_fd_sc_hd__tt_025C_1v80.lib
Using 1e-12 for capacitance...
Using 1e+03 for resistance...
Using 1e-09 for time...
Using 1e+00 for voltage...
Using 1e-03 for current...
Using 1e-09 for power...
Using 1e-06 for distance...
Reading design constraints file at '/openlane/scripts/base.sdc'…
[INFO]: Setting output delay to: 2.0
[INFO]: Setting input delay to: 2.0
[INFO]: Setting load to: 0.033442
[INFO]: Setting clock uncertainty to: 0.25
[INFO]: Setting clock transition to: 0.15
[INFO]: Setting timing derate to: 5.0 %
[INFO]: Setting RC values...
min_report

===========================================================================
report_checks -path_delay min (Hold)
============================================================================
======================= Typical Corner ===================================

Startpoint: _09_ (rising edge-triggered flip-flop clocked by Clock)
Endpoint: _08_ (rising edge-triggered flip-flop clocked by Clock)
Path Group: Clock
Path Type: min

Fanout     Cap    Slew   Delay    Time   Description
-----------------------------------------------------------------------------
                  0.15    0.00    0.00   clock Clock (rise edge)
                          0.00    0.00   clock network delay (ideal)
                  0.15    0.00    0.00 ^ _09_/CLK (sky130_fd_sc_hd__dfrtp_1)
     2    0.01    0.07    0.36    0.36 ^ _09_/Q (sky130_fd_sc_hd__dfrtp_1)
                                         net4 (net)
                  0.07    0.00    0.36 ^ _08_/D (sky130_fd_sc_hd__dfrtp_1)
                                  0.36   data arrival time

                  0.15    0.00    0.00   clock Clock (rise edge)
                          0.00    0.00   clock network delay (ideal)
                          0.25    0.25   clock uncertainty
                          0.00    0.25   clock reconvergence pessimism
                                  0.25 ^ _08_/CLK (sky130_fd_sc_hd__dfrtp_1)
                         -0.03    0.22   library hold time
                                  0.22   data required time
-----------------------------------------------------------------------------
                                  0.22   data required time
                                 -0.36   data arrival time
-----------------------------------------------------------------------------
                                  0.13   slack (MET)


Startpoint: _10_ (rising edge-triggered flip-flop clocked by Clock)
Endpoint: _09_ (rising edge-triggered flip-flop clocked by Clock)
Path Group: Clock
Path Type: min

Fanout     Cap    Slew   Delay    Time   Description
-----------------------------------------------------------------------------
                  0.15    0.00    0.00   clock Clock (rise edge)
                          0.00    0.00   clock network delay (ideal)
                  0.15    0.00    0.00 ^ _10_/CLK (sky130_fd_sc_hd__dfrtp_1)
     2    0.01    0.07    0.36    0.36 ^ _10_/Q (sky130_fd_sc_hd__dfrtp_1)
                                         net3 (net)
                  0.07    0.00    0.36 ^ _09_/D (sky130_fd_sc_hd__dfrtp_1)
                                  0.36   data arrival time

                  0.15    0.00    0.00   clock Clock (rise edge)
                          0.00    0.00   clock network delay (ideal)
                          0.25    0.25   clock uncertainty
                          0.00    0.25   clock reconvergence pessimism
                                  0.25 ^ _09_/CLK (sky130_fd_sc_hd__dfrtp_1)
                         -0.03    0.22   library hold time
                                  0.22   data required time
-----------------------------------------------------------------------------
                                  0.22   data required time
                                 -0.36   data arrival time
-----------------------------------------------------------------------------
                                  0.13   slack (MET)


Startpoint: _08_ (rising edge-triggered flip-flop clocked by Clock)
Endpoint: _11_ (rising edge-triggered flip-flop clocked by Clock)
Path Group: Clock
Path Type: min

Fanout     Cap    Slew   Delay    Time   Description
-----------------------------------------------------------------------------
                  0.15    0.00    0.00   clock Clock (rise edge)
                          0.00    0.00   clock network delay (ideal)
                  0.15    0.00    0.00 ^ _08_/CLK (sky130_fd_sc_hd__dfrtp_1)
     2    0.01    0.05    0.39    0.39 v _08_/Q (sky130_fd_sc_hd__dfrtp_1)
                                         net5 (net)
                  0.05    0.00    0.39 v _11_/D (sky130_fd_sc_hd__dfstp_1)
                                  0.39   data arrival time

                  0.15    0.00    0.00   clock Clock (rise edge)
                          0.00    0.00   clock network delay (ideal)
                          0.25    0.25   clock uncertainty
                          0.00    0.25   clock reconvergence pessimism
                                  0.25 ^ _11_/CLK (sky130_fd_sc_hd__dfstp_1)
                          0.01    0.26   library hold time
                                  0.26   data required time
-----------------------------------------------------------------------------
                                  0.26   data required time
                                 -0.39   data arrival time
-----------------------------------------------------------------------------
                                  0.13   slack (MET)


Startpoint: _11_ (rising edge-triggered flip-flop clocked by Clock)
Endpoint: _10_ (rising edge-triggered flip-flop clocked by Clock)
Path Group: Clock
Path Type: min

Fanout     Cap    Slew   Delay    Time   Description
-----------------------------------------------------------------------------
                  0.15    0.00    0.00   clock Clock (rise edge)
                          0.00    0.00   clock network delay (ideal)
                  0.15    0.00    0.00 ^ _11_/CLK (sky130_fd_sc_hd__dfstp_1)
     2    0.01    0.04    0.38    0.38 v _11_/Q (sky130_fd_sc_hd__dfstp_1)
                                         net2 (net)
                  0.04    0.00    0.38 v _10_/D (sky130_fd_sc_hd__dfrtp_1)
                                  0.38   data arrival time

                  0.15    0.00    0.00   clock Clock (rise edge)
                          0.00    0.00   clock network delay (ideal)
                          0.25    0.25   clock uncertainty
                          0.00    0.25   clock reconvergence pessimism
                                  0.25 ^ _10_/CLK (sky130_fd_sc_hd__dfrtp_1)
                         -0.02    0.23   library hold time
                                  0.23   data required time
-----------------------------------------------------------------------------
                                  0.23   data required time
                                 -0.38   data arrival time
-----------------------------------------------------------------------------
                                  0.15   slack (MET)


Startpoint: Reset (input port clocked by Clock)
Endpoint: _10_ (removal check against rising-edge clock Clock)
Path Group: asynchronous
Path Type: min

Fanout     Cap    Slew   Delay    Time   Description
-----------------------------------------------------------------------------
                  0.15    0.00    0.00   clock Clock (rise edge)
                          0.00    0.00   clock network delay (ideal)
                          2.00    2.00 v input external delay
     1    0.00    0.01    0.00    2.00 v Reset (in)
                                         Reset (net)
                  0.01    0.00    2.00 v input1/A (sky130_fd_sc_hd__clkbuf_2)
     4    0.02    0.08    0.13    2.13 v input1/X (sky130_fd_sc_hd__clkbuf_2)
                                         net1 (net)
                  0.08    0.00    2.13 v _06_/A (sky130_fd_sc_hd__inv_2)
     1    0.00    0.03    0.06    2.19 ^ _06_/Y (sky130_fd_sc_hd__inv_2)
                                         _02_ (net)
                  0.03    0.00    2.19 ^ _10_/RESET_B (sky130_fd_sc_hd__dfrtp_1)
                                  2.19   data arrival time

                  0.15    0.00    0.00   clock Clock (rise edge)
                          0.00    0.00   clock network delay (ideal)
                          0.25    0.25   clock uncertainty
                          0.00    0.25   clock reconvergence pessimism
                                  0.25 ^ _10_/CLK (sky130_fd_sc_hd__dfrtp_1)
                          0.35    0.60   library removal time
                                  0.60   data required time
-----------------------------------------------------------------------------
                                  0.60   data required time
                                 -2.19   data arrival time
-----------------------------------------------------------------------------
                                  1.59   slack (MET)


Startpoint: Reset (input port clocked by Clock)
Endpoint: _09_ (removal check against rising-edge clock Clock)
Path Group: asynchronous
Path Type: min

Fanout     Cap    Slew   Delay    Time   Description
-----------------------------------------------------------------------------
                  0.15    0.00    0.00   clock Clock (rise edge)
                          0.00    0.00   clock network delay (ideal)
                          2.00    2.00 v input external delay
     1    0.00    0.01    0.00    2.00 v Reset (in)
                                         Reset (net)
                  0.01    0.00    2.00 v input1/A (sky130_fd_sc_hd__clkbuf_2)
     4    0.02    0.08    0.13    2.13 v input1/X (sky130_fd_sc_hd__clkbuf_2)
                                         net1 (net)
                  0.08    0.00    2.13 v _05_/A (sky130_fd_sc_hd__inv_2)
     1    0.00    0.04    0.06    2.19 ^ _05_/Y (sky130_fd_sc_hd__inv_2)
                                         _01_ (net)
                  0.04    0.00    2.19 ^ _09_/RESET_B (sky130_fd_sc_hd__dfrtp_1)
                                  2.19   data arrival time

                  0.15    0.00    0.00   clock Clock (rise edge)
                          0.00    0.00   clock network delay (ideal)
                          0.25    0.25   clock uncertainty
                          0.00    0.25   clock reconvergence pessimism
                                  0.25 ^ _09_/CLK (sky130_fd_sc_hd__dfrtp_1)
                          0.35    0.60   library removal time
                                  0.60   data required time
-----------------------------------------------------------------------------
                                  0.60   data required time
                                 -2.19   data arrival time
-----------------------------------------------------------------------------
                                  1.59   slack (MET)


Startpoint: Reset (input port clocked by Clock)
Endpoint: _08_ (removal check against rising-edge clock Clock)
Path Group: asynchronous
Path Type: min

Fanout     Cap    Slew   Delay    Time   Description
-----------------------------------------------------------------------------
                  0.15    0.00    0.00   clock Clock (rise edge)
                          0.00    0.00   clock network delay (ideal)
                          2.00    2.00 v input external delay
     1    0.00    0.01    0.00    2.00 v Reset (in)
                                         Reset (net)
                  0.01    0.00    2.00 v input1/A (sky130_fd_sc_hd__clkbuf_2)
     4    0.02    0.08    0.13    2.13 v input1/X (sky130_fd_sc_hd__clkbuf_2)
                                         net1 (net)
                  0.08    0.00    2.13 v _04_/A (sky130_fd_sc_hd__inv_2)
     1    0.00    0.04    0.06    2.19 ^ _04_/Y (sky130_fd_sc_hd__inv_2)
                                         _00_ (net)
                  0.04    0.00    2.19 ^ _08_/RESET_B (sky130_fd_sc_hd__dfrtp_1)
                                  2.19   data arrival time

                  0.15    0.00    0.00   clock Clock (rise edge)
                          0.00    0.00   clock network delay (ideal)
                          0.25    0.25   clock uncertainty
                          0.00    0.25   clock reconvergence pessimism
                                  0.25 ^ _08_/CLK (sky130_fd_sc_hd__dfrtp_1)
                          0.35    0.60   library removal time
                                  0.60   data required time
-----------------------------------------------------------------------------
                                  0.60   data required time
                                 -2.19   data arrival time
-----------------------------------------------------------------------------
                                  1.59   slack (MET)


Startpoint: Reset (input port clocked by Clock)
Endpoint: _11_ (removal check against rising-edge clock Clock)
Path Group: asynchronous
Path Type: min

Fanout     Cap    Slew   Delay    Time   Description
-----------------------------------------------------------------------------
                  0.15    0.00    0.00   clock Clock (rise edge)
                          0.00    0.00   clock network delay (ideal)
                          2.00    2.00 v input external delay
     1    0.00    0.01    0.00    2.00 v Reset (in)
                                         Reset (net)
                  0.01    0.00    2.00 v input1/A (sky130_fd_sc_hd__clkbuf_2)
     4    0.02    0.08    0.13    2.13 v input1/X (sky130_fd_sc_hd__clkbuf_2)
                                         net1 (net)
                  0.08    0.00    2.13 v _07_/A (sky130_fd_sc_hd__inv_2)
     1    0.00    0.03    0.05    2.18 ^ _07_/Y (sky130_fd_sc_hd__inv_2)
                                         _03_ (net)
                  0.03    0.00    2.18 ^ _11_/SET_B (sky130_fd_sc_hd__dfstp_1)
                                  2.18   data arrival time

                  0.15    0.00    0.00   clock Clock (rise edge)
                          0.00    0.00   clock network delay (ideal)
                          0.25    0.25   clock uncertainty
                          0.00    0.25   clock reconvergence pessimism
                                  0.25 ^ _11_/CLK (sky130_fd_sc_hd__dfstp_1)
                          0.18    0.43   library removal time
                                  0.43   data required time
-----------------------------------------------------------------------------
                                  0.43   data required time
                                 -2.18   data arrival time
-----------------------------------------------------------------------------
                                  1.75   slack (MET)


Startpoint: _11_ (rising edge-triggered flip-flop clocked by Clock)
Endpoint: Count_out[0] (output port clocked by Clock)
Path Group: Clock
Path Type: min

Fanout     Cap    Slew   Delay    Time   Description
-----------------------------------------------------------------------------
                  0.15    0.00    0.00   clock Clock (rise edge)
                          0.00    0.00   clock network delay (ideal)
                  0.15    0.00    0.00 ^ _11_/CLK (sky130_fd_sc_hd__dfstp_1)
     2    0.01    0.04    0.38    0.38 v _11_/Q (sky130_fd_sc_hd__dfstp_1)
                                         net2 (net)
                  0.04    0.00    0.38 v output2/A (sky130_fd_sc_hd__buf_2)
     1    0.03    0.09    0.17    0.55 v output2/X (sky130_fd_sc_hd__buf_2)
                                         Count_out[0] (net)
                  0.09    0.00    0.55 v Count_out[0] (out)
                                  0.55   data arrival time

                  0.15    0.00    0.00   clock Clock (rise edge)
                          0.00    0.00   clock network delay (ideal)
                          0.25    0.25   clock uncertainty
                          0.00    0.25   clock reconvergence pessimism
                         -2.00   -1.75   output external delay
                                 -1.75   data required time
-----------------------------------------------------------------------------
                                 -1.75   data required time
                                 -0.55   data arrival time
-----------------------------------------------------------------------------
                                  2.30   slack (MET)


Startpoint: _09_ (rising edge-triggered flip-flop clocked by Clock)
Endpoint: Count_out[2] (output port clocked by Clock)
Path Group: Clock
Path Type: min

Fanout     Cap    Slew   Delay    Time   Description
-----------------------------------------------------------------------------
                  0.15    0.00    0.00   clock Clock (rise edge)
                          0.00    0.00   clock network delay (ideal)
                  0.15    0.00    0.00 ^ _09_/CLK (sky130_fd_sc_hd__dfrtp_1)
     2    0.01    0.07    0.36    0.36 ^ _09_/Q (sky130_fd_sc_hd__dfrtp_1)
                                         net4 (net)
                  0.07    0.00    0.36 ^ output4/A (sky130_fd_sc_hd__buf_2)
     1    0.03    0.17    0.20    0.55 ^ output4/X (sky130_fd_sc_hd__buf_2)
                                         Count_out[2] (net)
                  0.17    0.00    0.55 ^ Count_out[2] (out)
                                  0.55   data arrival time

                  0.15    0.00    0.00   clock Clock (rise edge)
                          0.00    0.00   clock network delay (ideal)
                          0.25    0.25   clock uncertainty
                          0.00    0.25   clock reconvergence pessimism
                         -2.00   -1.75   output external delay
                                 -1.75   data required time
-----------------------------------------------------------------------------
                                 -1.75   data required time
                                 -0.55   data arrival time
-----------------------------------------------------------------------------
                                  2.30   slack (MET)


Startpoint: _10_ (rising edge-triggered flip-flop clocked by Clock)
Endpoint: Count_out[1] (output port clocked by Clock)
Path Group: Clock
Path Type: min

Fanout     Cap    Slew   Delay    Time   Description
-----------------------------------------------------------------------------
                  0.15    0.00    0.00   clock Clock (rise edge)
                          0.00    0.00   clock network delay (ideal)
                  0.15    0.00    0.00 ^ _10_/CLK (sky130_fd_sc_hd__dfrtp_1)
     2    0.01    0.07    0.36    0.36 ^ _10_/Q (sky130_fd_sc_hd__dfrtp_1)
                                         net3 (net)
                  0.07    0.00    0.36 ^ output3/A (sky130_fd_sc_hd__buf_2)
     1    0.03    0.17    0.20    0.55 ^ output3/X (sky130_fd_sc_hd__buf_2)
                                         Count_out[1] (net)
                  0.17    0.00    0.55 ^ Count_out[1] (out)
                                  0.55   data arrival time

                  0.15    0.00    0.00   clock Clock (rise edge)
                          0.00    0.00   clock network delay (ideal)
                          0.25    0.25   clock uncertainty
                          0.00    0.25   clock reconvergence pessimism
                         -2.00   -1.75   output external delay
                                 -1.75   data required time
-----------------------------------------------------------------------------
                                 -1.75   data required time
                                 -0.55   data arrival time
-----------------------------------------------------------------------------
                                  2.30   slack (MET)


Startpoint: _08_ (rising edge-triggered flip-flop clocked by Clock)
Endpoint: Count_out[3] (output port clocked by Clock)
Path Group: Clock
Path Type: min

Fanout     Cap    Slew   Delay    Time   Description
-----------------------------------------------------------------------------
                  0.15    0.00    0.00   clock Clock (rise edge)
                          0.00    0.00   clock network delay (ideal)
                  0.15    0.00    0.00 ^ _08_/CLK (sky130_fd_sc_hd__dfrtp_1)
     2    0.01    0.07    0.36    0.36 ^ _08_/Q (sky130_fd_sc_hd__dfrtp_1)
                                         net5 (net)
                  0.07    0.00    0.36 ^ output5/A (sky130_fd_sc_hd__buf_2)
     1    0.03    0.17    0.20    0.56 ^ output5/X (sky130_fd_sc_hd__buf_2)
                                         Count_out[3] (net)
                  0.17    0.00    0.56 ^ Count_out[3] (out)
                                  0.56   data arrival time

                  0.15    0.00    0.00   clock Clock (rise edge)
                          0.00    0.00   clock network delay (ideal)
                          0.25    0.25   clock uncertainty
                          0.00    0.25   clock reconvergence pessimism
                         -2.00   -1.75   output external delay
                                 -1.75   data required time
-----------------------------------------------------------------------------
                                 -1.75   data required time
                                 -0.56   data arrival time
-----------------------------------------------------------------------------
                                  2.31   slack (MET)



worst slack corner Typical: 0.1316
min_report_end
max_report

===========================================================================
report_checks -path_delay max (Setup)
============================================================================
======================= Typical Corner ===================================

Startpoint: _11_ (rising edge-triggered flip-flop clocked by Clock)
Endpoint: Count_out[0] (output port clocked by Clock)
Path Group: Clock
Path Type: max

Fanout     Cap    Slew   Delay    Time   Description
-----------------------------------------------------------------------------
                  0.15    0.00    0.00   clock Clock (rise edge)
                          0.00    0.00   clock network delay (ideal)
                  0.15    0.00    0.00 ^ _11_/CLK (sky130_fd_sc_hd__dfstp_1)
     2    0.01    0.07    0.58    0.58 ^ _11_/Q (sky130_fd_sc_hd__dfstp_1)
                                         net2 (net)
                  0.07    0.00    0.58 ^ output2/A (sky130_fd_sc_hd__buf_2)
     1    0.03    0.17    0.22    0.79 ^ output2/X (sky130_fd_sc_hd__buf_2)
                                         Count_out[0] (net)
                  0.17    0.00    0.80 ^ Count_out[0] (out)
                                  0.80   data arrival time

                  0.15   10.00   10.00   clock Clock (rise edge)
                          0.00   10.00   clock network delay (ideal)
                         -0.25    9.75   clock uncertainty
                          0.00    9.75   clock reconvergence pessimism
                         -2.00    7.75   output external delay
                                  7.75   data required time
-----------------------------------------------------------------------------
                                  7.75   data required time
                                 -0.80   data arrival time
-----------------------------------------------------------------------------
                                  6.95   slack (MET)


Startpoint: _08_ (rising edge-triggered flip-flop clocked by Clock)
Endpoint: Count_out[3] (output port clocked by Clock)
Path Group: Clock
Path Type: max

Fanout     Cap    Slew   Delay    Time   Description
-----------------------------------------------------------------------------
                  0.15    0.00    0.00   clock Clock (rise edge)
                          0.00    0.00   clock network delay (ideal)
                  0.15    0.00    0.00 ^ _08_/CLK (sky130_fd_sc_hd__dfrtp_1)
     2    0.01    0.05    0.43    0.43 v _08_/Q (sky130_fd_sc_hd__dfrtp_1)
                                         net5 (net)
                  0.05    0.00    0.43 v output5/A (sky130_fd_sc_hd__buf_2)
     1    0.03    0.09    0.19    0.62 v output5/X (sky130_fd_sc_hd__buf_2)
                                         Count_out[3] (net)
                  0.09    0.00    0.62 v Count_out[3] (out)
                                  0.62   data arrival time

                  0.15   10.00   10.00   clock Clock (rise edge)
                          0.00   10.00   clock network delay (ideal)
                         -0.25    9.75   clock uncertainty
                          0.00    9.75   clock reconvergence pessimism
                         -2.00    7.75   output external delay
                                  7.75   data required time
-----------------------------------------------------------------------------
                                  7.75   data required time
                                 -0.62   data arrival time
-----------------------------------------------------------------------------
                                  7.13   slack (MET)


Startpoint: _10_ (rising edge-triggered flip-flop clocked by Clock)
Endpoint: Count_out[1] (output port clocked by Clock)
Path Group: Clock
Path Type: max

Fanout     Cap    Slew   Delay    Time   Description
-----------------------------------------------------------------------------
                  0.15    0.00    0.00   clock Clock (rise edge)
                          0.00    0.00   clock network delay (ideal)
                  0.15    0.00    0.00 ^ _10_/CLK (sky130_fd_sc_hd__dfrtp_1)
     2    0.01    0.05    0.43    0.43 v _10_/Q (sky130_fd_sc_hd__dfrtp_1)
                                         net3 (net)
                  0.05    0.00    0.43 v output3/A (sky130_fd_sc_hd__buf_2)
     1    0.03    0.09    0.19    0.62 v output3/X (sky130_fd_sc_hd__buf_2)
                                         Count_out[1] (net)
                  0.09    0.00    0.62 v Count_out[1] (out)
                                  0.62   data arrival time

                  0.15   10.00   10.00   clock Clock (rise edge)
                          0.00   10.00   clock network delay (ideal)
                         -0.25    9.75   clock uncertainty
                          0.00    9.75   clock reconvergence pessimism
                         -2.00    7.75   output external delay
                                  7.75   data required time
-----------------------------------------------------------------------------
                                  7.75   data required time
                                 -0.62   data arrival time
-----------------------------------------------------------------------------
                                  7.13   slack (MET)


Startpoint: _09_ (rising edge-triggered flip-flop clocked by Clock)
Endpoint: Count_out[2] (output port clocked by Clock)
Path Group: Clock
Path Type: max

Fanout     Cap    Slew   Delay    Time   Description
-----------------------------------------------------------------------------
                  0.15    0.00    0.00   clock Clock (rise edge)
                          0.00    0.00   clock network delay (ideal)
                  0.15    0.00    0.00 ^ _09_/CLK (sky130_fd_sc_hd__dfrtp_1)
     2    0.01    0.05    0.43    0.43 v _09_/Q (sky130_fd_sc_hd__dfrtp_1)
                                         net4 (net)
                  0.05    0.00    0.43 v output4/A (sky130_fd_sc_hd__buf_2)
     1    0.03    0.09    0.19    0.62 v output4/X (sky130_fd_sc_hd__buf_2)
                                         Count_out[2] (net)
                  0.09    0.00    0.62 v Count_out[2] (out)
                                  0.62   data arrival time

                  0.15   10.00   10.00   clock Clock (rise edge)
                          0.00   10.00   clock network delay (ideal)
                         -0.25    9.75   clock uncertainty
                          0.00    9.75   clock reconvergence pessimism
                         -2.00    7.75   output external delay
                                  7.75   data required time
-----------------------------------------------------------------------------
                                  7.75   data required time
                                 -0.62   data arrival time
-----------------------------------------------------------------------------
                                  7.13   slack (MET)


Startpoint: Reset (input port clocked by Clock)
Endpoint: _11_ (recovery check against rising-edge clock Clock)
Path Group: asynchronous
Path Type: max

Fanout     Cap    Slew   Delay    Time   Description
-----------------------------------------------------------------------------
                  0.15    0.00    0.00   clock Clock (rise edge)
                          0.00    0.00   clock network delay (ideal)
                          2.00    2.00 v input external delay
     1    0.00    0.01    0.00    2.00 v Reset (in)
                                         Reset (net)
                  0.01    0.00    2.00 v input1/A (sky130_fd_sc_hd__clkbuf_2)
     4    0.02    0.08    0.14    2.14 v input1/X (sky130_fd_sc_hd__clkbuf_2)
                                         net1 (net)
                  0.08    0.00    2.14 v _07_/A (sky130_fd_sc_hd__inv_2)
     1    0.00    0.03    0.06    2.20 ^ _07_/Y (sky130_fd_sc_hd__inv_2)
                                         _03_ (net)
                  0.03    0.00    2.20 ^ _11_/SET_B (sky130_fd_sc_hd__dfstp_1)
                                  2.20   data arrival time

                  0.15   10.00   10.00   clock Clock (rise edge)
                          0.00   10.00   clock network delay (ideal)
                         -0.25    9.75   clock uncertainty
                          0.00    9.75   clock reconvergence pessimism
                                  9.75 ^ _11_/CLK (sky130_fd_sc_hd__dfstp_1)
                          0.17    9.92   library recovery time
                                  9.92   data required time
-----------------------------------------------------------------------------
                                  9.92   data required time
                                 -2.20   data arrival time
-----------------------------------------------------------------------------
                                  7.71   slack (MET)


Startpoint: Reset (input port clocked by Clock)
Endpoint: _08_ (recovery check against rising-edge clock Clock)
Path Group: asynchronous
Path Type: max

Fanout     Cap    Slew   Delay    Time   Description
-----------------------------------------------------------------------------
                  0.15    0.00    0.00   clock Clock (rise edge)
                          0.00    0.00   clock network delay (ideal)
                          2.00    2.00 v input external delay
     1    0.00    0.01    0.00    2.00 v Reset (in)
                                         Reset (net)
                  0.01    0.00    2.00 v input1/A (sky130_fd_sc_hd__clkbuf_2)
     4    0.02    0.08    0.14    2.14 v input1/X (sky130_fd_sc_hd__clkbuf_2)
                                         net1 (net)
                  0.08    0.00    2.14 v _04_/A (sky130_fd_sc_hd__inv_2)
     1    0.00    0.04    0.06    2.21 ^ _04_/Y (sky130_fd_sc_hd__inv_2)
                                         _00_ (net)
                  0.04    0.00    2.21 ^ _08_/RESET_B (sky130_fd_sc_hd__dfrtp_1)
                                  2.21   data arrival time

                  0.15   10.00   10.00   clock Clock (rise edge)
                          0.00   10.00   clock network delay (ideal)
                         -0.25    9.75   clock uncertainty
                          0.00    9.75   clock reconvergence pessimism
                                  9.75 ^ _08_/CLK (sky130_fd_sc_hd__dfrtp_1)
                          0.26   10.01   library recovery time
                                 10.01   data required time
-----------------------------------------------------------------------------
                                 10.01   data required time
                                 -2.21   data arrival time
-----------------------------------------------------------------------------
                                  7.81   slack (MET)


Startpoint: Reset (input port clocked by Clock)
Endpoint: _09_ (recovery check against rising-edge clock Clock)
Path Group: asynchronous
Path Type: max

Fanout     Cap    Slew   Delay    Time   Description
-----------------------------------------------------------------------------
                  0.15    0.00    0.00   clock Clock (rise edge)
                          0.00    0.00   clock network delay (ideal)
                          2.00    2.00 v input external delay
     1    0.00    0.01    0.00    2.00 v Reset (in)
                                         Reset (net)
                  0.01    0.00    2.00 v input1/A (sky130_fd_sc_hd__clkbuf_2)
     4    0.02    0.08    0.14    2.14 v input1/X (sky130_fd_sc_hd__clkbuf_2)
                                         net1 (net)
                  0.08    0.00    2.14 v _05_/A (sky130_fd_sc_hd__inv_2)
     1    0.00    0.04    0.06    2.21 ^ _05_/Y (sky130_fd_sc_hd__inv_2)
                                         _01_ (net)
                  0.04    0.00    2.21 ^ _09_/RESET_B (sky130_fd_sc_hd__dfrtp_1)
                                  2.21   data arrival time

                  0.15   10.00   10.00   clock Clock (rise edge)
                          0.00   10.00   clock network delay (ideal)
                         -0.25    9.75   clock uncertainty
                          0.00    9.75   clock reconvergence pessimism
                                  9.75 ^ _09_/CLK (sky130_fd_sc_hd__dfrtp_1)
                          0.26   10.01   library recovery time
                                 10.01   data required time
-----------------------------------------------------------------------------
                                 10.01   data required time
                                 -2.21   data arrival time
-----------------------------------------------------------------------------
                                  7.81   slack (MET)


Startpoint: Reset (input port clocked by Clock)
Endpoint: _10_ (recovery check against rising-edge clock Clock)
Path Group: asynchronous
Path Type: max

Fanout     Cap    Slew   Delay    Time   Description
-----------------------------------------------------------------------------
                  0.15    0.00    0.00   clock Clock (rise edge)
                          0.00    0.00   clock network delay (ideal)
                          2.00    2.00 v input external delay
     1    0.00    0.01    0.00    2.00 v Reset (in)
                                         Reset (net)
                  0.01    0.00    2.00 v input1/A (sky130_fd_sc_hd__clkbuf_2)
     4    0.02    0.08    0.14    2.14 v input1/X (sky130_fd_sc_hd__clkbuf_2)
                                         net1 (net)
                  0.08    0.00    2.14 v _06_/A (sky130_fd_sc_hd__inv_2)
     1    0.00    0.03    0.06    2.20 ^ _06_/Y (sky130_fd_sc_hd__inv_2)
                                         _02_ (net)
                  0.03    0.00    2.20 ^ _10_/RESET_B (sky130_fd_sc_hd__dfrtp_1)
                                  2.20   data arrival time

                  0.15   10.00   10.00   clock Clock (rise edge)
                          0.00   10.00   clock network delay (ideal)
                         -0.25    9.75   clock uncertainty
                          0.00    9.75   clock reconvergence pessimism
                                  9.75 ^ _10_/CLK (sky130_fd_sc_hd__dfrtp_1)
                          0.27   10.02   library recovery time
                                 10.02   data required time
-----------------------------------------------------------------------------
                                 10.02   data required time
                                 -2.20   data arrival time
-----------------------------------------------------------------------------
                                  7.81   slack (MET)


Startpoint: _11_ (rising edge-triggered flip-flop clocked by Clock)
Endpoint: _10_ (rising edge-triggered flip-flop clocked by Clock)
Path Group: Clock
Path Type: max

Fanout     Cap    Slew   Delay    Time   Description
-----------------------------------------------------------------------------
                  0.15    0.00    0.00   clock Clock (rise edge)
                          0.00    0.00   clock network delay (ideal)
                  0.15    0.00    0.00 ^ _11_/CLK (sky130_fd_sc_hd__dfstp_1)
     2    0.01    0.07    0.58    0.58 ^ _11_/Q (sky130_fd_sc_hd__dfstp_1)
                                         net2 (net)
                  0.07    0.00    0.58 ^ _10_/D (sky130_fd_sc_hd__dfrtp_1)
                                  0.58   data arrival time

                  0.15   10.00   10.00   clock Clock (rise edge)
                          0.00   10.00   clock network delay (ideal)
                         -0.25    9.75   clock uncertainty
                          0.00    9.75   clock reconvergence pessimism
                                  9.75 ^ _10_/CLK (sky130_fd_sc_hd__dfrtp_1)
                         -0.05    9.70   library setup time
                                  9.70   data required time
-----------------------------------------------------------------------------
                                  9.70   data required time
                                 -0.58   data arrival time
-----------------------------------------------------------------------------
                                  9.12   slack (MET)


Startpoint: _10_ (rising edge-triggered flip-flop clocked by Clock)
Endpoint: _09_ (rising edge-triggered flip-flop clocked by Clock)
Path Group: Clock
Path Type: max

Fanout     Cap    Slew   Delay    Time   Description
-----------------------------------------------------------------------------
                  0.15    0.00    0.00   clock Clock (rise edge)
                          0.00    0.00   clock network delay (ideal)
                  0.15    0.00    0.00 ^ _10_/CLK (sky130_fd_sc_hd__dfrtp_1)
     2    0.01    0.05    0.43    0.43 v _10_/Q (sky130_fd_sc_hd__dfrtp_1)
                                         net3 (net)
                  0.05    0.00    0.43 v _09_/D (sky130_fd_sc_hd__dfrtp_1)
                                  0.43   data arrival time

                  0.15   10.00   10.00   clock Clock (rise edge)
                          0.00   10.00   clock network delay (ideal)
                         -0.25    9.75   clock uncertainty
                          0.00    9.75   clock reconvergence pessimism
                                  9.75 ^ _09_/CLK (sky130_fd_sc_hd__dfrtp_1)
                         -0.09    9.66   library setup time
                                  9.66   data required time
-----------------------------------------------------------------------------
                                  9.66   data required time
                                 -0.43   data arrival time
-----------------------------------------------------------------------------
                                  9.23   slack (MET)


Startpoint: _09_ (rising edge-triggered flip-flop clocked by Clock)
Endpoint: _08_ (rising edge-triggered flip-flop clocked by Clock)
Path Group: Clock
Path Type: max

Fanout     Cap    Slew   Delay    Time   Description
-----------------------------------------------------------------------------
                  0.15    0.00    0.00   clock Clock (rise edge)
                          0.00    0.00   clock network delay (ideal)
                  0.15    0.00    0.00 ^ _09_/CLK (sky130_fd_sc_hd__dfrtp_1)
     2    0.01    0.05    0.43    0.43 v _09_/Q (sky130_fd_sc_hd__dfrtp_1)
                                         net4 (net)
                  0.05    0.00    0.43 v _08_/D (sky130_fd_sc_hd__dfrtp_1)
                                  0.43   data arrival time

                  0.15   10.00   10.00   clock Clock (rise edge)
                          0.00   10.00   clock network delay (ideal)
                         -0.25    9.75   clock uncertainty
                          0.00    9.75   clock reconvergence pessimism
                                  9.75 ^ _08_/CLK (sky130_fd_sc_hd__dfrtp_1)
                         -0.09    9.66   library setup time
                                  9.66   data required time
-----------------------------------------------------------------------------
                                  9.66   data required time
                                 -0.43   data arrival time
-----------------------------------------------------------------------------
                                  9.23   slack (MET)


Startpoint: _08_ (rising edge-triggered flip-flop clocked by Clock)
Endpoint: _11_ (rising edge-triggered flip-flop clocked by Clock)
Path Group: Clock
Path Type: max

Fanout     Cap    Slew   Delay    Time   Description
-----------------------------------------------------------------------------
                  0.15    0.00    0.00   clock Clock (rise edge)
                          0.00    0.00   clock network delay (ideal)
                  0.15    0.00    0.00 ^ _08_/CLK (sky130_fd_sc_hd__dfrtp_1)
     2    0.01    0.05    0.43    0.43 v _08_/Q (sky130_fd_sc_hd__dfrtp_1)
                                         net5 (net)
                  0.05    0.00    0.43 v _11_/D (sky130_fd_sc_hd__dfstp_1)
                                  0.43   data arrival time

                  0.15   10.00   10.00   clock Clock (rise edge)
                          0.00   10.00   clock network delay (ideal)
                         -0.25    9.75   clock uncertainty
                          0.00    9.75   clock reconvergence pessimism
                                  9.75 ^ _11_/CLK (sky130_fd_sc_hd__dfstp_1)
                         -0.05    9.70   library setup time
                                  9.70   data required time
-----------------------------------------------------------------------------
                                  9.70   data required time
                                 -0.43   data arrival time
-----------------------------------------------------------------------------
                                  9.27   slack (MET)



worst slack corner Typical: 6.9548
max_report_end
checks_report

===========================================================================
report_checks -unconstrained
===========================================================================
======================= Typical Corner ===================================

Startpoint: Reset (input port clocked by Clock)
Endpoint: _11_ (recovery check against rising-edge clock Clock)
Path Group: asynchronous
Path Type: max

Fanout     Cap    Slew   Delay    Time   Description
-----------------------------------------------------------------------------
                  0.15    0.00    0.00   clock Clock (rise edge)
                          0.00    0.00   clock network delay (ideal)
                          2.00    2.00 v input external delay
     1    0.00    0.01    0.00    2.00 v Reset (in)
                                         Reset (net)
                  0.01    0.00    2.00 v input1/A (sky130_fd_sc_hd__clkbuf_2)
     4    0.02    0.08    0.14    2.14 v input1/X (sky130_fd_sc_hd__clkbuf_2)
                                         net1 (net)
                  0.08    0.00    2.14 v _07_/A (sky130_fd_sc_hd__inv_2)
     1    0.00    0.03    0.06    2.20 ^ _07_/Y (sky130_fd_sc_hd__inv_2)
                                         _03_ (net)
                  0.03    0.00    2.20 ^ _11_/SET_B (sky130_fd_sc_hd__dfstp_1)
                                  2.20   data arrival time

                  0.15   10.00   10.00   clock Clock (rise edge)
                          0.00   10.00   clock network delay (ideal)
                         -0.25    9.75   clock uncertainty
                          0.00    9.75   clock reconvergence pessimism
                                  9.75 ^ _11_/CLK (sky130_fd_sc_hd__dfstp_1)
                          0.17    9.92   library recovery time
                                  9.92   data required time
-----------------------------------------------------------------------------
                                  9.92   data required time
                                 -2.20   data arrival time
-----------------------------------------------------------------------------
                                  7.71   slack (MET)


Startpoint: _11_ (rising edge-triggered flip-flop clocked by Clock)
Endpoint: Count_out[0] (output port clocked by Clock)
Path Group: Clock
Path Type: max

Fanout     Cap    Slew   Delay    Time   Description
-----------------------------------------------------------------------------
                  0.15    0.00    0.00   clock Clock (rise edge)
                          0.00    0.00   clock network delay (ideal)
                  0.15    0.00    0.00 ^ _11_/CLK (sky130_fd_sc_hd__dfstp_1)
     2    0.01    0.07    0.58    0.58 ^ _11_/Q (sky130_fd_sc_hd__dfstp_1)
                                         net2 (net)
                  0.07    0.00    0.58 ^ output2/A (sky130_fd_sc_hd__buf_2)
     1    0.03    0.17    0.22    0.79 ^ output2/X (sky130_fd_sc_hd__buf_2)
                                         Count_out[0] (net)
                  0.17    0.00    0.80 ^ Count_out[0] (out)
                                  0.80   data arrival time

                  0.15   10.00   10.00   clock Clock (rise edge)
                          0.00   10.00   clock network delay (ideal)
                         -0.25    9.75   clock uncertainty
                          0.00    9.75   clock reconvergence pessimism
                         -2.00    7.75   output external delay
                                  7.75   data required time
-----------------------------------------------------------------------------
                                  7.75   data required time
                                 -0.80   data arrival time
-----------------------------------------------------------------------------
                                  6.95   slack (MET)




===========================================================================
report_checks --slack_max -0.01
============================================================================
======================= Typical Corner ===================================

No paths found.


===========================================================================
 report_check_types -max_slew -max_cap -max_fanout -violators
============================================================================
======================= Typical Corner ===================================


max slew violations count Typical: 0
max fanout violations count Typical: 0
max cap violations count Typical: 0

===========================================================================
report_parasitic_annotation -report_unannotated
============================================================================
Found 18 unannotated drivers.
 Clock
 Reset
 _04_/Y
 _05_/Y
 _06_/Y
 _07_/Y
 _08_/Q
 _09_/Q
 _10_/Q
 _11_/Q
 clkbuf_0_Clock/X
 clkbuf_1_0__f_Clock/X
 clkbuf_1_1__f_Clock/X
 input1/X
 output2/X
 output3/X
 output4/X
 output5/X
Found 0 partially unannotated drivers.

===========================================================================
max slew violation count 0
max fanout violation count 0
max cap violation count 0
============================================================================

===========================================================================
check_setup -verbose -unconstrained_endpoints -multiple_clock -no_clock -no_input_delay -loops -generated_clocks
===========================================================================
checks_report_end
power_report

===========================================================================
 report_power
============================================================================
======================= Typical Corner ===================================

Group                  Internal  Switching    Leakage      Total
                          Power      Power      Power      Power (Watts)
----------------------------------------------------------------
Sequential             1.70e-05   4.06e-07   4.49e-11   1.74e-05  22.2%
Combinational          5.07e-05   1.04e-05   1.52e-10   6.11e-05  77.8%
Macro                  0.00e+00   0.00e+00   0.00e+00   0.00e+00   0.0%
Pad                    0.00e+00   0.00e+00   0.00e+00   0.00e+00   0.0%
----------------------------------------------------------------
Total                  6.77e-05   1.08e-05   1.97e-10   7.85e-05 100.0%
                          86.3%      13.7%       0.0%

power_report_end
skew_report

===========================================================================
report_clock_skew
============================================================================
Clock Clock
Latency      CRPR       Skew
_08_/CLK ^
   0.27
_11_/CLK ^
   0.24      0.00       0.03

skew_report_end
summary_report

===========================================================================
report_tns
============================================================================
tns 0.00

===========================================================================
report_wns
============================================================================
wns 0.00

===========================================================================
report_worst_slack -max (Setup)
============================================================================
worst slack 6.95

===========================================================================
report_worst_slack -min (Hold)
============================================================================
worst slack 0.13
summary_report_end
area_report

===========================================================================
report_design_area
============================================================================
Design area 243 u^2 17% utilization.
area_report_end
[WARNING] Did not save OpenROAD database!
Writing SDF to '/openlane/designs/ring_counter/runs/RUN_2023.11.04_13.27.54/results/signoff/ring_counter.sdf'…
Writing timing model to '/openlane/designs/ring_counter/runs/RUN_2023.11.04_13.27.54/results/signoff/ring_counter.lib'…
